<?xml version="1.0" encoding="UTF-8"?>
<!-- Generated by org.testng.reporters.JUnitXMLReporter -->
<testsuite hostname="LAPTOP-379A2RE2" ignored="0" name="Guru99BankingApp Test" tests="12" failures="0" timestamp="2022-02-09T20:45:07 IST" time="149.653" errors="0">
  <testcase name="LoginPage_TC001" time="0.439" classname="com.guru99.qa.pagesTest.TC_LoginPageTest_001"/>
  <testcase name="LoginPage_TC002" time="2.682" classname="com.guru99.qa.pagesTest.TC_LoginPageTest_001"/>
  <testcase name="loginPageDDT" time="7.782" classname="com.guru99.qa.pagesTest.TC_LoginPage_DDT_002"/>
  <testcase name="loginPageDDT" time="5.017" classname="com.guru99.qa.pagesTest.TC_LoginPage_DDT_002"/>
  <testcase name="loginPageDDT" time="4.988" classname="com.guru99.qa.pagesTest.TC_LoginPage_DDT_002"/>
  <testcase name="loginPageDDT" time="5.913" classname="com.guru99.qa.pagesTest.TC_LoginPage_DDT_002"/>
  <testcase name="loginPageDDT" time="5.048" classname="com.guru99.qa.pagesTest.TC_LoginPage_DDT_002"/>
  <testcase name="loginPageDDT" time="4.775" classname="com.guru99.qa.pagesTest.TC_LoginPage_DDT_002"/>
  <testcase name="loginPageDDT" time="4.589" classname="com.guru99.qa.pagesTest.TC_LoginPage_DDT_002"/>
  <testcase name="loginPageDDT" time="5.733" classname="com.guru99.qa.pagesTest.TC_LoginPage_DDT_002"/>
  <testcase name="loginPageDDT" time="4.847" classname="com.guru99.qa.pagesTest.TC_LoginPage_DDT_002"/>
  <testcase name="addNewCustomer" time="12.22" classname="com.guru99.qa.pagesTest.TC_AddCustomerTest_003"/>
</testsuite> <!-- Guru99BankingApp Test -->
